app/build/intermediates/manifest_merge_blame_file/release/manifest-merger-blame-release-report.txt
1<?xml version="1.0" encoding="utf-8"?>
2<manifest xmlns:android="http://schemas.android.com/apk/res/android"
3    package="com.javascript.jscript"
4    android:versionCode="24"
5    android:versionName="1.4.15.24" >
6
7    <uses-sdk
8        android:minSdkVersion="21"
8-->src\main\AndroidManifest.xml
9        android:targetSdkVersion="33" />
9-->src\main\AndroidManifest.xml
10
11    <uses-permission android:name="android.permission.VIBRATE" />
11-->src\main\AndroidManifest.xml:6:5-66
11-->src\main\AndroidManifest.xml:6:22-63
12    <uses-permission android:name="android.permission.INTERNET" />
12-->src\main\AndroidManifest.xml:7:5-67
12-->src\main\AndroidManifest.xml:7:22-64
13    <uses-permission android:name="android.permission.ACCESS_NETWORK_STATE" />
13-->src\main\AndroidManifest.xml:8:5-79
13-->src\main\AndroidManifest.xml:8:22-76
14    <uses-permission android:name="android.permission.ACCESS_WIFI_STATE" />
14-->src\main\AndroidManifest.xml:9:5-76
14-->src\main\AndroidManifest.xml:9:22-73
15    <uses-permission android:name="com.android.vending.BILLING" />
15-->src\main\AndroidManifest.xml:10:5-67
15-->src\main\AndroidManifest.xml:10:22-64
16    <uses-permission android:name="com.google.android.gms.permission.AD_ID" />
16-->src\main\AndroidManifest.xml:11:5-79
16-->src\main\AndroidManifest.xml:11:22-76
17    <uses-permission android:name="android.permission.WRITE_EXTERNAL_STORAGE" />
17-->src\main\AndroidManifest.xml:13:5-14:40
17-->src\main\AndroidManifest.xml:13:22-78
18
19    <queries>
19-->[com.github.dhaval2404:imagepicker:2.1] AndroidManifest.xml:9:5-19:15
20
21        <!-- Query Camera Packages -->
22        <intent>
22-->[com.github.dhaval2404:imagepicker:2.1] AndroidManifest.xml:12:9-14:18
23            <action android:name="android.media.action.IMAGE_CAPTURE" />
23-->[com.github.dhaval2404:imagepicker:2.1] AndroidManifest.xml:13:13-73
23-->[com.github.dhaval2404:imagepicker:2.1] AndroidManifest.xml:13:21-70
24        </intent>
25        <!-- Query Open Document -->
26        <intent>
26-->[com.github.dhaval2404:imagepicker:2.1] AndroidManifest.xml:16:9-18:18
27            <action android:name="android.intent.action.OPEN_DOCUMENT_TREE" />
27-->[com.github.dhaval2404:imagepicker:2.1] AndroidManifest.xml:17:13-79
27-->[com.github.dhaval2404:imagepicker:2.1] AndroidManifest.xml:17:21-76
28        </intent>
29        <!-- For browser content -->
30        <intent>
30-->[com.google.android.gms:play-services-ads-lite:21.1.0] AndroidManifest.xml:31:9-37:18
31            <action android:name="android.intent.action.VIEW" />
31-->[com.onesignal:OneSignal:4.6.3] AndroidManifest.xml:76:17-69
31-->[com.onesignal:OneSignal:4.6.3] AndroidManifest.xml:76:25-66
32
33            <category android:name="android.intent.category.BROWSABLE" />
33-->[com.google.firebase:firebase-auth:21.0.6] AndroidManifest.xml:37:17-78
33-->[com.google.firebase:firebase-auth:21.0.6] AndroidManifest.xml:37:27-75
34
35            <data android:scheme="https" />
35-->[com.google.firebase:firebase-auth:21.0.6] AndroidManifest.xml:39:17-42:51
35-->[com.google.firebase:firebase-auth:21.0.6] AndroidManifest.xml:42:21-48
36        </intent> <!-- End of browser content -->
37        <!-- For CustomTabsService -->
38        <intent>
38-->[com.google.android.gms:play-services-ads-lite:21.1.0] AndroidManifest.xml:40:9-42:18
39            <action android:name="android.support.customtabs.action.CustomTabsService" />
39-->[com.google.android.gms:play-services-ads-lite:21.1.0] AndroidManifest.xml:41:13-90
39-->[com.google.android.gms:play-services-ads-lite:21.1.0] AndroidManifest.xml:41:21-87
40        </intent>
41        <intent>
41-->[androidx.media:media:1.3.1] AndroidManifest.xml:25:9-27:18
42            <action android:name="android.media.browse.MediaBrowserService" />
42-->[androidx.media:media:1.3.1] AndroidManifest.xml:26:13-79
42-->[androidx.media:media:1.3.1] AndroidManifest.xml:26:21-76
43        </intent>
44    </queries> <!-- Create a unique permission for your app and use it so only your app can receive your OneSignal messages. -->
45    <permission
45-->[com.onesignal:OneSignal:4.6.3] AndroidManifest.xml:7:5-9:47
46        android:name="com.javascript.jscript.permission.C2D_MESSAGE"
46-->[com.onesignal:OneSignal:4.6.3] AndroidManifest.xml:8:9-63
47        android:protectionLevel="signature" />
47-->[com.onesignal:OneSignal:4.6.3] AndroidManifest.xml:9:9-44
48
49    <uses-permission android:name="com.javascript.jscript.permission.C2D_MESSAGE" /> <!-- c2dm RECEIVE are basic requirements for push messages through Google's FCM -->
49-->[com.onesignal:OneSignal:4.6.3] AndroidManifest.xml:11:5-79
49-->[com.onesignal:OneSignal:4.6.3] AndroidManifest.xml:11:22-76
50    <uses-permission android:name="com.google.android.c2dm.permission.RECEIVE" /> <!-- Required, makes sure notifications are delivered on time. -->
50-->[com.onesignal:OneSignal:4.6.3] AndroidManifest.xml:17:5-82
50-->[com.onesignal:OneSignal:4.6.3] AndroidManifest.xml:17:22-79
51    <uses-permission android:name="android.permission.WAKE_LOCK" />
51-->[com.onesignal:OneSignal:4.6.3] AndroidManifest.xml:18:5-68
51-->[com.onesignal:OneSignal:4.6.3] AndroidManifest.xml:18:22-65
52    <!--
53 Use to restore notifications the user hasn't interacted with.
54         They could be missed notifications if the user reboots their device if this isn't in place.
55    -->
56    <uses-permission android:name="android.permission.RECEIVE_BOOT_COMPLETED" /> <!-- START: ShortcutBadger -->
56-->[com.onesignal:OneSignal:4.6.3] AndroidManifest.xml:29:5-81
56-->[com.onesignal:OneSignal:4.6.3] AndroidManifest.xml:29:22-78
57    <!-- Samsung -->
58    <uses-permission android:name="com.sec.android.provider.badge.permission.READ" />
58-->[com.onesignal:OneSignal:4.6.3] AndroidManifest.xml:31:5-86
58-->[com.onesignal:OneSignal:4.6.3] AndroidManifest.xml:31:22-83
59    <uses-permission android:name="com.sec.android.provider.badge.permission.WRITE" /> <!-- HTC -->
59-->[com.onesignal:OneSignal:4.6.3] AndroidManifest.xml:32:5-87
59-->[com.onesignal:OneSignal:4.6.3] AndroidManifest.xml:32:22-84
60    <uses-permission android:name="com.htc.launcher.permission.READ_SETTINGS" />
60-->[com.onesignal:OneSignal:4.6.3] AndroidManifest.xml:33:5-81
60-->[com.onesignal:OneSignal:4.6.3] AndroidManifest.xml:33:22-78
61    <uses-permission android:name="com.htc.launcher.permission.UPDATE_SHORTCUT" /> <!-- Sony -->
61-->[com.onesignal:OneSignal:4.6.3] AndroidManifest.xml:34:5-83
61-->[com.onesignal:OneSignal:4.6.3] AndroidManifest.xml:34:22-80
62    <uses-permission android:name="com.sonyericsson.home.permission.BROADCAST_BADGE" />
62-->[com.onesignal:OneSignal:4.6.3] AndroidManifest.xml:35:5-88
62-->[com.onesignal:OneSignal:4.6.3] AndroidManifest.xml:35:22-85
63    <uses-permission android:name="com.sonymobile.home.permission.PROVIDER_INSERT_BADGE" /> <!-- Apex -->
63-->[com.onesignal:OneSignal:4.6.3] AndroidManifest.xml:36:5-92
63-->[com.onesignal:OneSignal:4.6.3] AndroidManifest.xml:36:22-89
64    <uses-permission android:name="com.anddoes.launcher.permission.UPDATE_COUNT" /> <!-- Solid -->
64-->[com.onesignal:OneSignal:4.6.3] AndroidManifest.xml:37:5-84
64-->[com.onesignal:OneSignal:4.6.3] AndroidManifest.xml:37:22-81
65    <uses-permission android:name="com.majeur.launcher.permission.UPDATE_BADGE" /> <!-- Huawei -->
65-->[com.onesignal:OneSignal:4.6.3] AndroidManifest.xml:38:5-83
65-->[com.onesignal:OneSignal:4.6.3] AndroidManifest.xml:38:22-80
66    <uses-permission android:name="com.huawei.android.launcher.permission.CHANGE_BADGE" />
66-->[com.onesignal:OneSignal:4.6.3] AndroidManifest.xml:39:5-91
66-->[com.onesignal:OneSignal:4.6.3] AndroidManifest.xml:39:22-88
67    <uses-permission android:name="com.huawei.android.launcher.permission.READ_SETTINGS" />
67-->[com.onesignal:OneSignal:4.6.3] AndroidManifest.xml:40:5-92
67-->[com.onesignal:OneSignal:4.6.3] AndroidManifest.xml:40:22-89
68    <uses-permission android:name="com.huawei.android.launcher.permission.WRITE_SETTINGS" /> <!-- ZUK -->
68-->[com.onesignal:OneSignal:4.6.3] AndroidManifest.xml:41:5-93
68-->[com.onesignal:OneSignal:4.6.3] AndroidManifest.xml:41:22-90
69    <uses-permission android:name="android.permission.READ_APP_BADGE" /> <!-- OPPO -->
69-->[com.onesignal:OneSignal:4.6.3] AndroidManifest.xml:42:5-73
69-->[com.onesignal:OneSignal:4.6.3] AndroidManifest.xml:42:22-70
70    <uses-permission android:name="com.oppo.launcher.permission.READ_SETTINGS" />
70-->[com.onesignal:OneSignal:4.6.3] AndroidManifest.xml:43:5-82
70-->[com.onesignal:OneSignal:4.6.3] AndroidManifest.xml:43:22-79
71    <uses-permission android:name="com.oppo.launcher.permission.WRITE_SETTINGS" /> <!-- EvMe -->
71-->[com.onesignal:OneSignal:4.6.3] AndroidManifest.xml:44:5-83
71-->[com.onesignal:OneSignal:4.6.3] AndroidManifest.xml:44:22-80
72    <uses-permission android:name="me.everything.badger.permission.BADGE_COUNT_READ" />
72-->[com.onesignal:OneSignal:4.6.3] AndroidManifest.xml:45:5-88
72-->[com.onesignal:OneSignal:4.6.3] AndroidManifest.xml:45:22-85
73    <uses-permission android:name="me.everything.badger.permission.BADGE_COUNT_WRITE" />
73-->[com.onesignal:OneSignal:4.6.3] AndroidManifest.xml:46:5-89
73-->[com.onesignal:OneSignal:4.6.3] AndroidManifest.xml:46:22-86
74    <uses-permission android:name="com.google.android.finsky.permission.BIND_GET_INSTALL_REFERRER_SERVICE" />
74-->[com.google.android.gms:play-services-measurement:21.1.0] AndroidManifest.xml:26:5-110
74-->[com.google.android.gms:play-services-measurement:21.1.0] AndroidManifest.xml:26:22-107
75    <uses-permission android:name="android.permission.FOREGROUND_SERVICE" />
75-->[androidx.work:work-runtime:2.7.1] AndroidManifest.xml:28:5-77
75-->[androidx.work:work-runtime:2.7.1] AndroidManifest.xml:28:22-74
76
77    <application
77-->src\main\AndroidManifest.xml:16:5-147:19
78        android:name="com.javascript.jscript.Utils.MyApplication"
78-->src\main\AndroidManifest.xml:17:9-44
79        android:allowBackup="true"
79-->src\main\AndroidManifest.xml:18:9-35
80        android:appComponentFactory="androidx.core.app.CoreComponentFactory"
80-->[androidx.core:core:1.8.0] AndroidManifest.xml:24:18-86
81        android:icon="@mipmap/ic_launcher"
81-->src\main\AndroidManifest.xml:19:9-43
82        android:label="@string/app_name"
82-->src\main\AndroidManifest.xml:20:9-41
83        android:largeHeap="true"
83-->src\main\AndroidManifest.xml:21:9-33
84        android:networkSecurityConfig="@xml/network_security_config"
84-->src\main\AndroidManifest.xml:22:9-69
85        android:roundIcon="@mipmap/ic_launcher_round"
85-->src\main\AndroidManifest.xml:23:9-54
86        android:supportsRtl="true"
86-->src\main\AndroidManifest.xml:24:9-35
87        android:theme="@style/AppBaseTheme"
87-->src\main\AndroidManifest.xml:25:9-44
88        android:usesCleartextTraffic="true" >
88-->src\main\AndroidManifest.xml:26:9-44
89        <activity
89-->src\main\AndroidManifest.xml:28:9-30:40
90            android:name="com.javascript.jscript.Activities.SavedQuestionsActivity"
90-->src\main\AndroidManifest.xml:29:13-62
91            android:exported="false" />
91-->src\main\AndroidManifest.xml:30:13-37
92        <activity
92-->src\main\AndroidManifest.xml:31:9-33:40
93            android:name="com.javascript.jscript.Activities.MyQuestionsActivity"
93-->src\main\AndroidManifest.xml:32:13-59
94            android:exported="false" />
94-->src\main\AndroidManifest.xml:33:13-37
95        <activity
95-->src\main\AndroidManifest.xml:34:9-36:40
96            android:name="com.javascript.jscript.Activities.UserProfileActivity"
96-->src\main\AndroidManifest.xml:35:13-59
97            android:exported="false" />
97-->src\main\AndroidManifest.xml:36:13-37
98        <activity
98-->src\main\AndroidManifest.xml:37:9-39:40
99            android:name="com.javascript.jscript.Activities.UpcomingCoursesActivity"
99-->src\main\AndroidManifest.xml:38:13-63
100            android:exported="false" />
100-->src\main\AndroidManifest.xml:39:13-37
101        <activity
101-->src\main\AndroidManifest.xml:40:9-42:40
102            android:name="com.javascript.jscript.Activities.CodesActivity"
102-->src\main\AndroidManifest.xml:41:13-53
103            android:exported="false" />
103-->src\main\AndroidManifest.xml:42:13-37
104        <activity
104-->src\main\AndroidManifest.xml:43:9-45:40
105            android:name="com.javascript.jscript.Activities.ForgotPasswordActivity"
105-->src\main\AndroidManifest.xml:44:13-62
106            android:exported="false" />
106-->src\main\AndroidManifest.xml:45:13-37
107        <activity
107-->src\main\AndroidManifest.xml:46:9-48:40
108            android:name="com.javascript.jscript.Notifications.NotificationsActivity"
108-->src\main\AndroidManifest.xml:47:13-64
109            android:exported="false" />
109-->src\main\AndroidManifest.xml:48:13-37
110        <activity
110-->src\main\AndroidManifest.xml:49:9-51:40
111            android:name="com.javascript.jscript.Activities.SignInActivity"
111-->src\main\AndroidManifest.xml:50:13-54
112            android:exported="false" />
112-->src\main\AndroidManifest.xml:51:13-37
113        <activity
113-->src\main\AndroidManifest.xml:52:9-54:40
114            android:name="com.javascript.jscript.Activities.SignUpActivity"
114-->src\main\AndroidManifest.xml:53:13-54
115            android:exported="false" />
115-->src\main\AndroidManifest.xml:54:13-37
116        <activity
116-->src\main\AndroidManifest.xml:55:9-57:40
117            android:name="com.javascript.jscript.Discuss.DiscussDetailsActivity"
117-->src\main\AndroidManifest.xml:56:13-59
118            android:exported="false" />
118-->src\main\AndroidManifest.xml:57:13-37
119        <activity
119-->src\main\AndroidManifest.xml:58:9-60:40
120            android:name="com.javascript.jscript.Discuss.AddDiscussActivity"
120-->src\main\AndroidManifest.xml:59:13-55
121            android:exported="false" />
121-->src\main\AndroidManifest.xml:60:13-37
122        <activity
122-->src\main\AndroidManifest.xml:61:9-63:40
123            android:name="com.javascript.jscript.Learn.LearnDetailsActivity"
123-->src\main\AndroidManifest.xml:62:13-55
124            android:exported="false" />
124-->src\main\AndroidManifest.xml:63:13-37
125        <activity
125-->src\main\AndroidManifest.xml:64:9-66:40
126            android:name="com.javascript.jscript.Learn.LearnItemsListActivity"
126-->src\main\AndroidManifest.xml:65:13-57
127            android:exported="false" />
127-->src\main\AndroidManifest.xml:66:13-37
128        <activity
128-->src\main\AndroidManifest.xml:67:9-69:40
129            android:name="com.javascript.jscript.Quiz.QuizResultActivity"
129-->src\main\AndroidManifest.xml:68:13-52
130            android:exported="false" />
130-->src\main\AndroidManifest.xml:69:13-37
131        <activity
131-->src\main\AndroidManifest.xml:70:9-72:40
132            android:name="com.javascript.jscript.Quiz.QuizDetailsActivity"
132-->src\main\AndroidManifest.xml:71:13-53
133            android:exported="false" />
133-->src\main\AndroidManifest.xml:72:13-37
134        <activity
134-->src\main\AndroidManifest.xml:73:9-75:40
135            android:name="com.javascript.jscript.Quiz.QuizTopicListActivity"
135-->src\main\AndroidManifest.xml:74:13-55
136            android:exported="false" />
136-->src\main\AndroidManifest.xml:75:13-37
137        <activity
137-->src\main\AndroidManifest.xml:76:9-78:40
138            android:name="com.javascript.jscript.Books.ReadBooksActivity"
138-->src\main\AndroidManifest.xml:77:13-52
139            android:exported="false" />
139-->src\main\AndroidManifest.xml:78:13-37
140        <activity
140-->src\main\AndroidManifest.xml:79:9-81:40
141            android:name="com.javascript.jscript.Books.BooksListActivity"
141-->src\main\AndroidManifest.xml:80:13-52
142            android:exported="false" />
142-->src\main\AndroidManifest.xml:81:13-37
143        <activity
143-->src\main\AndroidManifest.xml:82:9-84:40
144            android:name="com.javascript.jscript.Interview.InterviewAnswerActivity"
144-->src\main\AndroidManifest.xml:83:13-62
145            android:exported="false" />
145-->src\main\AndroidManifest.xml:84:13-37
146        <activity
146-->src\main\AndroidManifest.xml:85:9-87:40
147            android:name="com.javascript.jscript.Interview.InterviewItemsListActivity"
147-->src\main\AndroidManifest.xml:86:13-65
148            android:exported="false" />
148-->src\main\AndroidManifest.xml:87:13-37
149        <activity
149-->src\main\AndroidManifest.xml:88:9-90:40
150            android:name="com.javascript.jscript.Programs.ProgramsCodeActivity"
150-->src\main\AndroidManifest.xml:89:13-58
151            android:exported="false" />
151-->src\main\AndroidManifest.xml:90:13-37
152        <activity
152-->src\main\AndroidManifest.xml:91:9-93:40
153            android:name="com.javascript.jscript.Programs.ProgramsItemsListActivity"
153-->src\main\AndroidManifest.xml:92:13-63
154            android:exported="false" />
154-->src\main\AndroidManifest.xml:93:13-37
155        <activity
155-->src\main\AndroidManifest.xml:94:9-96:40
156            android:name="com.javascript.jscript.Activities.EditProfileActivity"
156-->src\main\AndroidManifest.xml:95:13-59
157            android:exported="false" />
157-->src\main\AndroidManifest.xml:96:13-37
158        <activity
158-->src\main\AndroidManifest.xml:97:9-99:40
159            android:name="com.javascript.jscript.Activities.GoogleSignInActivity"
159-->src\main\AndroidManifest.xml:98:13-60
160            android:exported="false" />
160-->src\main\AndroidManifest.xml:99:13-37
161        <activity
161-->src\main\AndroidManifest.xml:100:9-102:40
162            android:name="com.javascript.jscript.Activities.PremiumActivity"
162-->src\main\AndroidManifest.xml:101:13-55
163            android:exported="false" />
163-->src\main\AndroidManifest.xml:102:13-37
164        <activity
164-->src\main\AndroidManifest.xml:103:9-105:40
165            android:name="com.javascript.jscript.Activities.SignOutActivity"
165-->src\main\AndroidManifest.xml:104:13-55
166            android:exported="false" />
166-->src\main\AndroidManifest.xml:105:13-37
167        <activity
167-->src\main\AndroidManifest.xml:106:9-108:40
168            android:name="com.javascript.jscript.Activities.FollowUsActivity"
168-->src\main\AndroidManifest.xml:107:13-56
169            android:exported="false" />
169-->src\main\AndroidManifest.xml:108:13-37
170        <activity
170-->src\main\AndroidManifest.xml:109:9-111:40
171            android:name="com.javascript.jscript.Activities.FeedBackActivity"
171-->src\main\AndroidManifest.xml:110:13-56
172            android:exported="false" />
172-->src\main\AndroidManifest.xml:111:13-37
173        <activity
173-->src\main\AndroidManifest.xml:112:9-114:40
174            android:name="com.javascript.jscript.Activities.NextActivity3"
174-->src\main\AndroidManifest.xml:113:13-53
175            android:exported="false" />
175-->src\main\AndroidManifest.xml:114:13-37
176        <activity
176-->src\main\AndroidManifest.xml:115:9-117:40
177            android:name="com.javascript.jscript.Activities.NextActivity2"
177-->src\main\AndroidManifest.xml:116:13-53
178            android:exported="false" />
178-->src\main\AndroidManifest.xml:117:13-37
179        <activity
179-->src\main\AndroidManifest.xml:118:9-120:40
180            android:name="com.javascript.jscript.Activities.NextActivity"
180-->src\main\AndroidManifest.xml:119:13-52
181            android:exported="false" />
181-->src\main\AndroidManifest.xml:120:13-37
182        <activity
182-->src\main\AndroidManifest.xml:121:9-129:20
183            android:name="com.javascript.jscript.Activities.SplashActivity"
183-->src\main\AndroidManifest.xml:122:13-54
184            android:exported="true" >
184-->src\main\AndroidManifest.xml:123:13-36
185            <intent-filter>
185-->src\main\AndroidManifest.xml:124:13-128:29
186                <action android:name="android.intent.action.MAIN" />
186-->src\main\AndroidManifest.xml:125:17-69
186-->src\main\AndroidManifest.xml:125:25-66
187
188                <category android:name="android.intent.category.LAUNCHER" />
188-->src\main\AndroidManifest.xml:127:17-77
188-->src\main\AndroidManifest.xml:127:27-74
189            </intent-filter>
190        </activity>
191        <activity
191-->src\main\AndroidManifest.xml:130:9-133:40
192            android:name="com.javascript.jscript.Activities.MainActivity"
192-->src\main\AndroidManifest.xml:131:13-52
193            android:configChanges="orientation|keyboardHidden|screenSize"
193-->src\main\AndroidManifest.xml:132:13-74
194            android:exported="false" />
194-->src\main\AndroidManifest.xml:133:13-37
195
196        <meta-data
196-->src\main\AndroidManifest.xml:135:9-137:57
197            android:name="preloaded_fonts"
197-->src\main\AndroidManifest.xml:136:13-43
198            android:resource="@array/preloaded_fonts" />
198-->src\main\AndroidManifest.xml:137:13-54
199        <meta-data
199-->src\main\AndroidManifest.xml:138:9-140:46
200            android:name="com.google.android.gms.ads.APPLICATION_ID"
200-->src\main\AndroidManifest.xml:139:13-69
201            android:value="@string/app_id" />
201-->src\main\AndroidManifest.xml:140:13-43
202        <meta-data
202-->src\main\AndroidManifest.xml:141:9-143:56
203            android:name="applovin.sdk.key"
203-->src\main\AndroidManifest.xml:142:13-44
204            android:value="@string/applovin_sdk_key" />
204-->src\main\AndroidManifest.xml:143:13-53
205        <meta-data
205-->src\main\AndroidManifest.xml:144:9-146:70
206            android:name="com.onesignal.messaging.default_notification_icon"
206-->src\main\AndroidManifest.xml:145:13-77
207            android:resource="@drawable/ic_stat_onesignal_default" />
207-->src\main\AndroidManifest.xml:146:13-67
208
209        <activity
209-->[com.github.dhaval2404:imagepicker:2.1] AndroidManifest.xml:22:9-25:68
210            android:name="com.github.dhaval2404.imagepicker.ImagePickerActivity"
210-->[com.github.dhaval2404:imagepicker:2.1] AndroidManifest.xml:23:13-81
211            android:screenOrientation="unspecified"
211-->[com.github.dhaval2404:imagepicker:2.1] AndroidManifest.xml:24:13-52
212            android:theme="@style/Theme.Transparent.ImagePicker" />
212-->[com.github.dhaval2404:imagepicker:2.1] AndroidManifest.xml:25:13-65
213        <activity
213-->[com.github.dhaval2404:imagepicker:2.1] AndroidManifest.xml:26:9-29:72
214            android:name="com.yalantis.ucrop.UCropActivity"
214-->[com.github.dhaval2404:imagepicker:2.1] AndroidManifest.xml:27:13-60
215            android:screenOrientation="portrait"
215-->[com.github.dhaval2404:imagepicker:2.1] AndroidManifest.xml:28:13-49
216            android:theme="@style/Theme.AppCompat.Light.NoActionBar" />
216-->[com.github.dhaval2404:imagepicker:2.1] AndroidManifest.xml:29:13-69
217
218        <provider
218-->[com.github.dhaval2404:imagepicker:2.1] AndroidManifest.xml:31:9-39:20
219            android:name="com.github.dhaval2404.imagepicker.ImagePickerFileProvider"
219-->[com.github.dhaval2404:imagepicker:2.1] AndroidManifest.xml:32:13-85
220            android:authorities="com.javascript.jscript.imagepicker.provider"
220-->[com.github.dhaval2404:imagepicker:2.1] AndroidManifest.xml:33:13-72
221            android:exported="false"
221-->[com.github.dhaval2404:imagepicker:2.1] AndroidManifest.xml:34:13-37
222            android:grantUriPermissions="true" >
222-->[com.github.dhaval2404:imagepicker:2.1] AndroidManifest.xml:35:13-47
223            <meta-data
223-->[com.github.dhaval2404:imagepicker:2.1] AndroidManifest.xml:36:13-38:71
224                android:name="android.support.FILE_PROVIDER_PATHS"
224-->[com.github.dhaval2404:imagepicker:2.1] AndroidManifest.xml:37:17-67
225                android:resource="@xml/image_picker_provider_paths" />
225-->[com.github.dhaval2404:imagepicker:2.1] AndroidManifest.xml:38:17-68
226        </provider>
227
228        <receiver
228-->[com.onesignal:OneSignal:4.6.3] AndroidManifest.xml:49:9-60:20
229            android:name="com.onesignal.FCMBroadcastReceiver"
229-->[com.onesignal:OneSignal:4.6.3] AndroidManifest.xml:50:13-62
230            android:exported="true"
230-->[com.onesignal:OneSignal:4.6.3] AndroidManifest.xml:51:13-36
231            android:permission="com.google.android.c2dm.permission.SEND" >
231-->[com.onesignal:OneSignal:4.6.3] AndroidManifest.xml:52:13-73
232
233            <!-- High priority so OneSignal payloads can be filtered from other FCM receivers -->
234            <intent-filter android:priority="999" >
234-->[com.onesignal:OneSignal:4.6.3] AndroidManifest.xml:55:13-59:29
234-->[com.onesignal:OneSignal:4.6.3] AndroidManifest.xml:55:28-50
235                <action android:name="com.google.android.c2dm.intent.RECEIVE" />
235-->[com.onesignal:OneSignal:4.6.3] AndroidManifest.xml:56:17-81
235-->[com.onesignal:OneSignal:4.6.3] AndroidManifest.xml:56:25-78
236
237                <category android:name="com.javascript.jscript" />
237-->[com.onesignal:OneSignal:4.6.3] AndroidManifest.xml:58:17-61
237-->[com.onesignal:OneSignal:4.6.3] AndroidManifest.xml:58:27-58
238            </intent-filter>
239        </receiver>
240
241        <service
241-->[com.onesignal:OneSignal:4.6.3] AndroidManifest.xml:62:9-68:19
242            android:name="com.onesignal.HmsMessageServiceOneSignal"
242-->[com.onesignal:OneSignal:4.6.3] AndroidManifest.xml:63:13-68
243            android:exported="false" >
243-->[com.onesignal:OneSignal:4.6.3] AndroidManifest.xml:64:13-37
244            <intent-filter>
244-->[com.onesignal:OneSignal:4.6.3] AndroidManifest.xml:65:13-67:29
245                <action android:name="com.huawei.push.action.MESSAGING_EVENT" />
245-->[com.onesignal:OneSignal:4.6.3] AndroidManifest.xml:66:17-81
245-->[com.onesignal:OneSignal:4.6.3] AndroidManifest.xml:66:25-78
246            </intent-filter>
247        </service>
248
249        <activity
249-->[com.onesignal:OneSignal:4.6.3] AndroidManifest.xml:70:9-78:20
250            android:name="com.onesignal.NotificationOpenedActivityHMS"
250-->[com.onesignal:OneSignal:4.6.3] AndroidManifest.xml:71:13-71
251            android:exported="true"
251-->[com.onesignal:OneSignal:4.6.3] AndroidManifest.xml:72:13-36
252            android:noHistory="true"
252-->[com.onesignal:OneSignal:4.6.3] AndroidManifest.xml:73:13-37
253            android:theme="@android:style/Theme.Translucent.NoTitleBar" >
253-->[com.onesignal:OneSignal:4.6.3] AndroidManifest.xml:74:13-72
254            <intent-filter>
254-->[com.onesignal:OneSignal:4.6.3] AndroidManifest.xml:75:13-77:29
255                <action android:name="android.intent.action.VIEW" />
255-->[com.onesignal:OneSignal:4.6.3] AndroidManifest.xml:76:17-69
255-->[com.onesignal:OneSignal:4.6.3] AndroidManifest.xml:76:25-66
256            </intent-filter>
257        </activity>
258
259        <service
259-->[com.onesignal:OneSignal:4.6.3] AndroidManifest.xml:80:9-82:40
260            android:name="com.onesignal.FCMIntentService"
260-->[com.onesignal:OneSignal:4.6.3] AndroidManifest.xml:81:13-58
261            android:exported="false" />
261-->[com.onesignal:OneSignal:4.6.3] AndroidManifest.xml:82:13-37
262        <service
262-->[com.onesignal:OneSignal:4.6.3] AndroidManifest.xml:83:9-86:72
263            android:name="com.onesignal.FCMIntentJobService"
263-->[com.onesignal:OneSignal:4.6.3] AndroidManifest.xml:84:13-61
264            android:exported="false"
264-->[com.onesignal:OneSignal:4.6.3] AndroidManifest.xml:85:13-37
265            android:permission="android.permission.BIND_JOB_SERVICE" />
265-->[com.onesignal:OneSignal:4.6.3] AndroidManifest.xml:86:13-69
266        <service
266-->[com.onesignal:OneSignal:4.6.3] AndroidManifest.xml:87:9-90:43
267            android:name="com.onesignal.FocusDelaySyncService"
267-->[com.onesignal:OneSignal:4.6.3] AndroidManifest.xml:88:13-63
268            android:exported="false"
268-->[com.onesignal:OneSignal:4.6.3] AndroidManifest.xml:89:13-37
269            android:stopWithTask="true" />
269-->[com.onesignal:OneSignal:4.6.3] AndroidManifest.xml:90:13-40
270        <service
270-->[com.onesignal:OneSignal:4.6.3] AndroidManifest.xml:91:9-94:72
271            android:name="com.onesignal.FocusDelaySyncJobService"
271-->[com.onesignal:OneSignal:4.6.3] AndroidManifest.xml:92:13-66
272            android:exported="false"
272-->[com.onesignal:OneSignal:4.6.3] AndroidManifest.xml:93:13-37
273            android:permission="android.permission.BIND_JOB_SERVICE" />
273-->[com.onesignal:OneSignal:4.6.3] AndroidManifest.xml:94:13-69
274        <service
274-->[com.onesignal:OneSignal:4.6.3] AndroidManifest.xml:95:9-98:43
275            android:name="com.onesignal.SyncService"
275-->[com.onesignal:OneSignal:4.6.3] AndroidManifest.xml:96:13-53
276            android:exported="false"
276-->[com.onesignal:OneSignal:4.6.3] AndroidManifest.xml:97:13-37
277            android:stopWithTask="true" />
277-->[com.onesignal:OneSignal:4.6.3] AndroidManifest.xml:98:13-40
278        <service
278-->[com.onesignal:OneSignal:4.6.3] AndroidManifest.xml:99:9-102:72
279            android:name="com.onesignal.SyncJobService"
279-->[com.onesignal:OneSignal:4.6.3] AndroidManifest.xml:100:13-56
280            android:exported="false"
280-->[com.onesignal:OneSignal:4.6.3] AndroidManifest.xml:101:13-37
281            android:permission="android.permission.BIND_JOB_SERVICE" />
281-->[com.onesignal:OneSignal:4.6.3] AndroidManifest.xml:102:13-69
282
283        <activity
283-->[com.onesignal:OneSignal:4.6.3] AndroidManifest.xml:104:9-107:75
284            android:name="com.onesignal.PermissionsActivity"
284-->[com.onesignal:OneSignal:4.6.3] AndroidManifest.xml:105:13-61
285            android:exported="false"
285-->[com.onesignal:OneSignal:4.6.3] AndroidManifest.xml:106:13-37
286            android:theme="@android:style/Theme.Translucent.NoTitleBar" />